The system is: Windows - 10.0.19043 - AMD64
Compiling the C compiler identification source file "CMakeCCompilerId.c" succeeded.
Compiler: C:/Program Files (x86)/Microsoft Visual Studio/2019/Community/VC/Tools/MSVC/14.29.30133/bin/Hostx64/x86/cl.exe 
Build flags: 
Id flags:  

The output was:
0
Microsoft (R) C/C++ Optimizing Compiler Version 19.29.30133 for x86
Copyright (C) Microsoft Corporation.  All rights reserved.

CMakeCCompilerId.c
Microsoft (R) Incremental Linker Version 14.29.30133.0
Copyright (C) Microsoft Corporation.  All rights reserved.

/out:CMakeCCompilerId.exe 
CMakeCCompilerId.obj 


Compilation of the C compiler identification source "CMakeCCompilerId.c" produced "CMakeCCompilerId.exe"

Compilation of the C compiler identification source "CMakeCCompilerId.c" produced "CMakeCCompilerId.obj"

The C compiler identification is MSVC, found in "C:/Users/Said/CLionProjects/hamza/cmake-build-debug/CMakeFiles/3.20.2/CompilerIdC/CMakeCCompilerId.exe"

Detecting C compiler ABI info compiled with the following output:
Change Dir: C:/Users/Said/CLionProjects/hamza/cmake-build-debug/CMakeFiles/CMakeTmp

Run Build Command(s):nmake -f Makefile /nologo cmTC_9b3ec\fast && 	"C:\Program Files (x86)\Microsoft Visual Studio\2019\Community\VC\Tools\MSVC\14.29.30133\bin\HostX64\x86\nmake.exe"  -f CMakeFiles\cmTC_9b3ec.dir\build.make /nologo -L                  CMakeFiles\cmTC_9b3ec.dir\build
Building C object CMakeFiles/cmTC_9b3ec.dir/CMakeCCompilerABI.c.obj
	"C:\Program Files\JetBrains\CLion 2021.2\bin\cmake\win\bin\cmake.exe" -E cmake_cl_compile_depends --dep-file=CMakeFiles\cmTC_9b3ec.dir\CMakeCCompilerABI.c.obj.d --working-dir=C:\Users\Said\CLionProjects\hamza\cmake-build-debug\CMakeFiles\CMakeTmp --filter-prefix="" -- C:\PROGRA~2\MICROS~2\2019\COMMUN~1\VC\Tools\MSVC\1429~1.301\bin\Hostx64\x86\cl.exe @C:\Users\Said\AppData\Local\Temp\nm1F8F.tmp
Linking C executable cmTC_9b3ec.exe
	"C:\Program Files\JetBrains\CLion 2021.2\bin\cmake\win\bin\cmake.exe" -E vs_link_exe --intdir=CMakeFiles\cmTC_9b3ec.dir --rc=C:\PROGRA~2\WI3CF2~1\10\bin\100190~1.0\x64\rc.exe --mt=C:\PROGRA~2\WI3CF2~1\10\bin\100190~1.0\x64\mt.exe --manifests -- C:\PROGRA~2\MICROS~2\2019\COMMUN~1\VC\Tools\MSVC\1429~1.301\bin\Hostx64\x86\link.exe /nologo @CMakeFiles\cmTC_9b3ec.dir\objects1.rsp @C:\Users\Said\AppData\Local\Temp\nm1FCF.tmp



The system is: Windows - 10.0.19043 - AMD64
Compiling the C compiler identification source file "CMakeCCompilerId.c" succeeded.
Compiler: C:/Program Files (x86)/Microsoft Visual Studio/2019/Community/VC/Tools/MSVC/14.29.30133/bin/Hostx64/x86/cl.exe 
Build flags: 
Id flags:  

The output was:
0
Microsoft (R) C/C++ Optimizing Compiler Version 19.29.30133 for x86
Copyright (C) Microsoft Corporation.  All rights reserved.

CMakeCCompilerId.c
Microsoft (R) Incremental Linker Version 14.29.30133.0
Copyright (C) Microsoft Corporation.  All rights reserved.

/out:CMakeCCompilerId.exe 
CMakeCCompilerId.obj 


Compilation of the C compiler identification source "CMakeCCompilerId.c" produced "CMakeCCompilerId.exe"

Compilation of the C compiler identification source "CMakeCCompilerId.c" produced "CMakeCCompilerId.obj"

The C compiler identification is MSVC, found in "C:/Users/Said/CLionProjects/hamza/cmake-build-debug/CMakeFiles/3.20.2/CompilerIdC/CMakeCCompilerId.exe"

Detecting C compiler ABI info compiled with the following output:
Change Dir: C:/Users/Said/CLionProjects/hamza/cmake-build-debug/CMakeFiles/CMakeTmp

Run Build Command(s):nmake -f Makefile /nologo cmTC_22347\fast && 	"C:\Program Files (x86)\Microsoft Visual Studio\2019\Community\VC\Tools\MSVC\14.29.30133\bin\HostX64\x86\nmake.exe"  -f CMakeFiles\cmTC_22347.dir\build.make /nologo -L                  CMakeFiles\cmTC_22347.dir\build
Building C object CMakeFiles/cmTC_22347.dir/CMakeCCompilerABI.c.obj
	"C:\Program Files\JetBrains\CLion 2021.2\bin\cmake\win\bin\cmake.exe" -E cmake_cl_compile_depends --dep-file=CMakeFiles\cmTC_22347.dir\CMakeCCompilerABI.c.obj.d --working-dir=C:\Users\Said\CLionProjects\hamza\cmake-build-debug\CMakeFiles\CMakeTmp --filter-prefix="" -- C:\PROGRA~2\MICROS~2\2019\COMMUN~1\VC\Tools\MSVC\1429~1.301\bin\Hostx64\x86\cl.exe @C:\Users\Said\AppData\Local\Temp\nm5217.tmp
Linking C executable cmTC_22347.exe
	"C:\Program Files\JetBrains\CLion 2021.2\bin\cmake\win\bin\cmake.exe" -E vs_link_exe --intdir=CMakeFiles\cmTC_22347.dir --rc=C:\PROGRA~2\WI3CF2~1\10\bin\100190~1.0\x64\rc.exe --mt=C:\PROGRA~2\WI3CF2~1\10\bin\100190~1.0\x64\mt.exe --manifests -- C:\PROGRA~2\MICROS~2\2019\COMMUN~1\VC\Tools\MSVC\1429~1.301\bin\Hostx64\x86\link.exe /nologo @CMakeFiles\cmTC_22347.dir\objects1.rsp @C:\Users\Said\AppData\Local\Temp\nm5257.tmp



